<?xml version="1.0" encoding="UTF-8"?>
<!-- Generated by org.testng.reporters.JUnitReportReporter -->
<testsuite skipped="0" hostname="DINCD-039" name="TestHelloWorld" tests="1" failures="0" timestamp="2024-01-31T12:23:26 IST" time="0.011" errors="0">
  <testcase name="testHelloWorld" time="0.011" classname="TestHelloWorld"/>
</testsuite> <!-- TestHelloWorld -->
